ARM GAS  C:\Users\pierr\AppData\Local\Temp\ccxlbjhU.s 			page 1


   1              		.cpu cortex-m0
   2              		.eabi_attribute 20, 1
   3              		.eabi_attribute 21, 1
   4              		.eabi_attribute 23, 3
   5              		.eabi_attribute 24, 1
   6              		.eabi_attribute 25, 1
   7              		.eabi_attribute 26, 1
   8              		.eabi_attribute 30, 1
   9              		.eabi_attribute 34, 0
  10              		.eabi_attribute 18, 4
  11              		.file	"stm32f0xx_it.c"
  12              		.text
  13              	.Ltext0:
  14              		.cfi_sections	.debug_frame
  15              		.section	.text.NMI_Handler,"ax",%progbits
  16              		.align	1
  17              		.global	NMI_Handler
  18              		.arch armv6s-m
  19              		.syntax unified
  20              		.code	16
  21              		.thumb_func
  22              		.fpu softvfp
  24              	NMI_Handler:
  25              	.LFB40:
  26              		.file 1 "Core/Src/stm32f0xx_it.c"
   1:Core/Src/stm32f0xx_it.c **** /* USER CODE BEGIN Header */
   2:Core/Src/stm32f0xx_it.c **** /**
   3:Core/Src/stm32f0xx_it.c ****   ******************************************************************************
   4:Core/Src/stm32f0xx_it.c ****   * @file    stm32f0xx_it.c
   5:Core/Src/stm32f0xx_it.c ****   * @brief   Interrupt Service Routines.
   6:Core/Src/stm32f0xx_it.c ****   ******************************************************************************
   7:Core/Src/stm32f0xx_it.c ****   * @attention
   8:Core/Src/stm32f0xx_it.c ****   *
   9:Core/Src/stm32f0xx_it.c ****   * <h2><center>&copy; Copyright (c) 2021 STMicroelectronics.
  10:Core/Src/stm32f0xx_it.c ****   * All rights reserved.</center></h2>
  11:Core/Src/stm32f0xx_it.c ****   *
  12:Core/Src/stm32f0xx_it.c ****   * This software component is licensed by ST under BSD 3-Clause license,
  13:Core/Src/stm32f0xx_it.c ****   * the "License"; You may not use this file except in compliance with the
  14:Core/Src/stm32f0xx_it.c ****   * License. You may obtain a copy of the License at:
  15:Core/Src/stm32f0xx_it.c ****   *                        opensource.org/licenses/BSD-3-Clause
  16:Core/Src/stm32f0xx_it.c ****   *
  17:Core/Src/stm32f0xx_it.c ****   ******************************************************************************
  18:Core/Src/stm32f0xx_it.c ****   */
  19:Core/Src/stm32f0xx_it.c **** /* USER CODE END Header */
  20:Core/Src/stm32f0xx_it.c **** 
  21:Core/Src/stm32f0xx_it.c **** /* Includes ------------------------------------------------------------------*/
  22:Core/Src/stm32f0xx_it.c **** #include "main.h"
  23:Core/Src/stm32f0xx_it.c **** #include "stm32f0xx_it.h"
  24:Core/Src/stm32f0xx_it.c **** /* Private includes ----------------------------------------------------------*/
  25:Core/Src/stm32f0xx_it.c **** /* USER CODE BEGIN Includes */
  26:Core/Src/stm32f0xx_it.c **** /* USER CODE END Includes */
  27:Core/Src/stm32f0xx_it.c **** 
  28:Core/Src/stm32f0xx_it.c **** /* Private typedef -----------------------------------------------------------*/
  29:Core/Src/stm32f0xx_it.c **** /* USER CODE BEGIN TD */
  30:Core/Src/stm32f0xx_it.c **** 
  31:Core/Src/stm32f0xx_it.c **** /* USER CODE END TD */
  32:Core/Src/stm32f0xx_it.c **** 
ARM GAS  C:\Users\pierr\AppData\Local\Temp\ccxlbjhU.s 			page 2


  33:Core/Src/stm32f0xx_it.c **** /* Private define ------------------------------------------------------------*/
  34:Core/Src/stm32f0xx_it.c **** /* USER CODE BEGIN PD */
  35:Core/Src/stm32f0xx_it.c **** 
  36:Core/Src/stm32f0xx_it.c **** /* USER CODE END PD */
  37:Core/Src/stm32f0xx_it.c **** 
  38:Core/Src/stm32f0xx_it.c **** /* Private macro -------------------------------------------------------------*/
  39:Core/Src/stm32f0xx_it.c **** /* USER CODE BEGIN PM */
  40:Core/Src/stm32f0xx_it.c **** 
  41:Core/Src/stm32f0xx_it.c **** /* USER CODE END PM */
  42:Core/Src/stm32f0xx_it.c **** 
  43:Core/Src/stm32f0xx_it.c **** /* Private variables ---------------------------------------------------------*/
  44:Core/Src/stm32f0xx_it.c **** /* USER CODE BEGIN PV */
  45:Core/Src/stm32f0xx_it.c **** 
  46:Core/Src/stm32f0xx_it.c **** /* USER CODE END PV */
  47:Core/Src/stm32f0xx_it.c **** 
  48:Core/Src/stm32f0xx_it.c **** /* Private function prototypes -----------------------------------------------*/
  49:Core/Src/stm32f0xx_it.c **** /* USER CODE BEGIN PFP */
  50:Core/Src/stm32f0xx_it.c **** 
  51:Core/Src/stm32f0xx_it.c **** /* USER CODE END PFP */
  52:Core/Src/stm32f0xx_it.c **** 
  53:Core/Src/stm32f0xx_it.c **** /* Private user code ---------------------------------------------------------*/
  54:Core/Src/stm32f0xx_it.c **** /* USER CODE BEGIN 0 */
  55:Core/Src/stm32f0xx_it.c **** 
  56:Core/Src/stm32f0xx_it.c **** /* USER CODE END 0 */
  57:Core/Src/stm32f0xx_it.c **** 
  58:Core/Src/stm32f0xx_it.c **** /* External variables --------------------------------------------------------*/
  59:Core/Src/stm32f0xx_it.c **** 
  60:Core/Src/stm32f0xx_it.c **** /* USER CODE BEGIN EV */
  61:Core/Src/stm32f0xx_it.c **** 
  62:Core/Src/stm32f0xx_it.c **** /* USER CODE END EV */
  63:Core/Src/stm32f0xx_it.c **** 
  64:Core/Src/stm32f0xx_it.c **** /******************************************************************************/
  65:Core/Src/stm32f0xx_it.c **** /*           Cortex-M0 Processor Interruption and Exception Handlers          */
  66:Core/Src/stm32f0xx_it.c **** /******************************************************************************/
  67:Core/Src/stm32f0xx_it.c **** /**
  68:Core/Src/stm32f0xx_it.c ****   * @brief This function handles Non maskable interrupt.
  69:Core/Src/stm32f0xx_it.c ****   */
  70:Core/Src/stm32f0xx_it.c **** void NMI_Handler(void)
  71:Core/Src/stm32f0xx_it.c **** {
  27              		.loc 1 71 1 view -0
  28              		.cfi_startproc
  29              		@ Volatile: function does not return.
  30              		@ args = 0, pretend = 0, frame = 0
  31              		@ frame_needed = 0, uses_anonymous_args = 0
  32              		@ link register save eliminated.
  33              	.L2:
  72:Core/Src/stm32f0xx_it.c ****   /* USER CODE BEGIN NonMaskableInt_IRQn 0 */
  73:Core/Src/stm32f0xx_it.c **** 
  74:Core/Src/stm32f0xx_it.c ****   /* USER CODE END NonMaskableInt_IRQn 0 */
  75:Core/Src/stm32f0xx_it.c ****   /* USER CODE BEGIN NonMaskableInt_IRQn 1 */
  76:Core/Src/stm32f0xx_it.c ****   while (1)
  34              		.loc 1 76 3 discriminator 1 view .LVU1
  77:Core/Src/stm32f0xx_it.c ****   {
  78:Core/Src/stm32f0xx_it.c ****   }
  35              		.loc 1 78 3 discriminator 1 view .LVU2
  76:Core/Src/stm32f0xx_it.c ****   {
  36              		.loc 1 76 9 discriminator 1 view .LVU3
ARM GAS  C:\Users\pierr\AppData\Local\Temp\ccxlbjhU.s 			page 3


  37 0000 FEE7     		b	.L2
  38              		.cfi_endproc
  39              	.LFE40:
  41              		.section	.text.HardFault_Handler,"ax",%progbits
  42              		.align	1
  43              		.global	HardFault_Handler
  44              		.syntax unified
  45              		.code	16
  46              		.thumb_func
  47              		.fpu softvfp
  49              	HardFault_Handler:
  50              	.LFB41:
  79:Core/Src/stm32f0xx_it.c ****   /* USER CODE END NonMaskableInt_IRQn 1 */
  80:Core/Src/stm32f0xx_it.c **** }
  81:Core/Src/stm32f0xx_it.c **** 
  82:Core/Src/stm32f0xx_it.c **** /**
  83:Core/Src/stm32f0xx_it.c ****   * @brief This function handles Hard fault interrupt.
  84:Core/Src/stm32f0xx_it.c ****   */
  85:Core/Src/stm32f0xx_it.c **** void HardFault_Handler(void)
  86:Core/Src/stm32f0xx_it.c **** {
  51              		.loc 1 86 1 view -0
  52              		.cfi_startproc
  53              		@ Volatile: function does not return.
  54              		@ args = 0, pretend = 0, frame = 0
  55              		@ frame_needed = 0, uses_anonymous_args = 0
  56              		@ link register save eliminated.
  57              	.L4:
  87:Core/Src/stm32f0xx_it.c ****   /* USER CODE BEGIN HardFault_IRQn 0 */
  88:Core/Src/stm32f0xx_it.c **** 
  89:Core/Src/stm32f0xx_it.c ****   /* USER CODE END HardFault_IRQn 0 */
  90:Core/Src/stm32f0xx_it.c ****   while (1)
  58              		.loc 1 90 3 discriminator 1 view .LVU5
  91:Core/Src/stm32f0xx_it.c ****   {
  92:Core/Src/stm32f0xx_it.c ****     /* USER CODE BEGIN W1_HardFault_IRQn 0 */
  93:Core/Src/stm32f0xx_it.c ****     /* USER CODE END W1_HardFault_IRQn 0 */
  94:Core/Src/stm32f0xx_it.c ****   }
  59              		.loc 1 94 3 discriminator 1 view .LVU6
  90:Core/Src/stm32f0xx_it.c ****   {
  60              		.loc 1 90 9 discriminator 1 view .LVU7
  61 0000 FEE7     		b	.L4
  62              		.cfi_endproc
  63              	.LFE41:
  65              		.section	.text.SVC_Handler,"ax",%progbits
  66              		.align	1
  67              		.global	SVC_Handler
  68              		.syntax unified
  69              		.code	16
  70              		.thumb_func
  71              		.fpu softvfp
  73              	SVC_Handler:
  74              	.LFB42:
  95:Core/Src/stm32f0xx_it.c **** }
  96:Core/Src/stm32f0xx_it.c **** 
  97:Core/Src/stm32f0xx_it.c **** /**
  98:Core/Src/stm32f0xx_it.c ****   * @brief This function handles System service call via SWI instruction.
  99:Core/Src/stm32f0xx_it.c ****   */
 100:Core/Src/stm32f0xx_it.c **** void SVC_Handler(void)
ARM GAS  C:\Users\pierr\AppData\Local\Temp\ccxlbjhU.s 			page 4


 101:Core/Src/stm32f0xx_it.c **** {
  75              		.loc 1 101 1 view -0
  76              		.cfi_startproc
  77              		@ args = 0, pretend = 0, frame = 0
  78              		@ frame_needed = 0, uses_anonymous_args = 0
  79              		@ link register save eliminated.
 102:Core/Src/stm32f0xx_it.c ****   /* USER CODE BEGIN SVC_IRQn 0 */
 103:Core/Src/stm32f0xx_it.c **** 
 104:Core/Src/stm32f0xx_it.c ****   /* USER CODE END SVC_IRQn 0 */
 105:Core/Src/stm32f0xx_it.c ****   /* USER CODE BEGIN SVC_IRQn 1 */
 106:Core/Src/stm32f0xx_it.c **** 
 107:Core/Src/stm32f0xx_it.c ****   /* USER CODE END SVC_IRQn 1 */
 108:Core/Src/stm32f0xx_it.c **** }
  80              		.loc 1 108 1 view .LVU9
  81              		@ sp needed
  82 0000 7047     		bx	lr
  83              		.cfi_endproc
  84              	.LFE42:
  86              		.section	.text.PendSV_Handler,"ax",%progbits
  87              		.align	1
  88              		.global	PendSV_Handler
  89              		.syntax unified
  90              		.code	16
  91              		.thumb_func
  92              		.fpu softvfp
  94              	PendSV_Handler:
  95              	.LFB43:
 109:Core/Src/stm32f0xx_it.c **** 
 110:Core/Src/stm32f0xx_it.c **** /**
 111:Core/Src/stm32f0xx_it.c ****   * @brief This function handles Pendable request for system service.
 112:Core/Src/stm32f0xx_it.c ****   */
 113:Core/Src/stm32f0xx_it.c **** void PendSV_Handler(void)
 114:Core/Src/stm32f0xx_it.c **** {
  96              		.loc 1 114 1 view -0
  97              		.cfi_startproc
  98              		@ args = 0, pretend = 0, frame = 0
  99              		@ frame_needed = 0, uses_anonymous_args = 0
 100              		@ link register save eliminated.
 115:Core/Src/stm32f0xx_it.c ****   /* USER CODE BEGIN PendSV_IRQn 0 */
 116:Core/Src/stm32f0xx_it.c **** 
 117:Core/Src/stm32f0xx_it.c ****   /* USER CODE END PendSV_IRQn 0 */
 118:Core/Src/stm32f0xx_it.c ****   /* USER CODE BEGIN PendSV_IRQn 1 */
 119:Core/Src/stm32f0xx_it.c **** 
 120:Core/Src/stm32f0xx_it.c ****   /* USER CODE END PendSV_IRQn 1 */
 121:Core/Src/stm32f0xx_it.c **** }
 101              		.loc 1 121 1 view .LVU11
 102              		@ sp needed
 103 0000 7047     		bx	lr
 104              		.cfi_endproc
 105              	.LFE43:
 107              		.section	.text.SysTick_Handler,"ax",%progbits
 108              		.align	1
 109              		.global	SysTick_Handler
 110              		.syntax unified
 111              		.code	16
 112              		.thumb_func
 113              		.fpu softvfp
ARM GAS  C:\Users\pierr\AppData\Local\Temp\ccxlbjhU.s 			page 5


 115              	SysTick_Handler:
 116              	.LFB44:
 122:Core/Src/stm32f0xx_it.c **** 
 123:Core/Src/stm32f0xx_it.c **** /**
 124:Core/Src/stm32f0xx_it.c ****   * @brief This function handles System tick timer.
 125:Core/Src/stm32f0xx_it.c ****   */
 126:Core/Src/stm32f0xx_it.c **** void SysTick_Handler(void)
 127:Core/Src/stm32f0xx_it.c **** {
 117              		.loc 1 127 1 view -0
 118              		.cfi_startproc
 119              		@ args = 0, pretend = 0, frame = 0
 120              		@ frame_needed = 0, uses_anonymous_args = 0
 121 0000 10B5     		push	{r4, lr}
 122              	.LCFI0:
 123              		.cfi_def_cfa_offset 8
 124              		.cfi_offset 4, -8
 125              		.cfi_offset 14, -4
 128:Core/Src/stm32f0xx_it.c ****   /* USER CODE BEGIN SysTick_IRQn 0 */
 129:Core/Src/stm32f0xx_it.c **** 
 130:Core/Src/stm32f0xx_it.c ****   /* USER CODE END SysTick_IRQn 0 */
 131:Core/Src/stm32f0xx_it.c ****   HAL_IncTick();
 126              		.loc 1 131 3 view .LVU13
 127 0002 FFF7FEFF 		bl	HAL_IncTick
 128              	.LVL0:
 132:Core/Src/stm32f0xx_it.c ****   /* USER CODE BEGIN SysTick_IRQn 1 */
 133:Core/Src/stm32f0xx_it.c **** 
 134:Core/Src/stm32f0xx_it.c ****   /* USER CODE END SysTick_IRQn 1 */
 135:Core/Src/stm32f0xx_it.c **** }
 129              		.loc 1 135 1 is_stmt 0 view .LVU14
 130              		@ sp needed
 131 0006 10BD     		pop	{r4, pc}
 132              		.cfi_endproc
 133              	.LFE44:
 135              		.text
 136              	.Letext0:
 137              		.file 2 "c:\\users\\pierr\\.vscode\\extensions\\buzzyelectronics.stm-helper-1.2.9\\armgcc\\arm-non
 138              		.file 3 "c:\\users\\pierr\\.vscode\\extensions\\buzzyelectronics.stm-helper-1.2.9\\armgcc\\arm-non
 139              		.file 4 "Drivers/CMSIS/Device/ST/STM32F0xx/Include/system_stm32f0xx.h"
 140              		.file 5 "Drivers/CMSIS/Device/ST/STM32F0xx/Include/stm32f042x6.h"
 141              		.file 6 "Drivers/STM32F0xx_HAL_Driver/Inc/stm32f0xx_hal_def.h"
 142              		.file 7 "Drivers/STM32F0xx_HAL_Driver/Inc/stm32f0xx_hal_dma.h"
 143              		.file 8 "Drivers/STM32F0xx_HAL_Driver/Inc/stm32f0xx_hal_uart.h"
 144              		.file 9 "Drivers/STM32F0xx_HAL_Driver/Inc/stm32f0xx_hal.h"
 145              		.file 10 "Core/Inc/usart.h"
 146              		.file 11 "c:\\users\\pierr\\.vscode\\extensions\\buzzyelectronics.stm-helper-1.2.9\\armgcc\\arm-no
 147              		.file 12 "c:\\users\\pierr\\.vscode\\extensions\\buzzyelectronics.stm-helper-1.2.9\\armgcc\\arm-no
 148              		.file 13 "c:\\users\\pierr\\.vscode\\extensions\\buzzyelectronics.stm-helper-1.2.9\\armgcc\\lib\\g
 149              		.file 14 "c:\\users\\pierr\\.vscode\\extensions\\buzzyelectronics.stm-helper-1.2.9\\armgcc\\arm-no
ARM GAS  C:\Users\pierr\AppData\Local\Temp\ccxlbjhU.s 			page 6


DEFINED SYMBOLS
                            *ABS*:0000000000000000 stm32f0xx_it.c
C:\Users\pierr\AppData\Local\Temp\ccxlbjhU.s:16     .text.NMI_Handler:0000000000000000 $t
C:\Users\pierr\AppData\Local\Temp\ccxlbjhU.s:24     .text.NMI_Handler:0000000000000000 NMI_Handler
C:\Users\pierr\AppData\Local\Temp\ccxlbjhU.s:42     .text.HardFault_Handler:0000000000000000 $t
C:\Users\pierr\AppData\Local\Temp\ccxlbjhU.s:49     .text.HardFault_Handler:0000000000000000 HardFault_Handler
C:\Users\pierr\AppData\Local\Temp\ccxlbjhU.s:66     .text.SVC_Handler:0000000000000000 $t
C:\Users\pierr\AppData\Local\Temp\ccxlbjhU.s:73     .text.SVC_Handler:0000000000000000 SVC_Handler
C:\Users\pierr\AppData\Local\Temp\ccxlbjhU.s:87     .text.PendSV_Handler:0000000000000000 $t
C:\Users\pierr\AppData\Local\Temp\ccxlbjhU.s:94     .text.PendSV_Handler:0000000000000000 PendSV_Handler
C:\Users\pierr\AppData\Local\Temp\ccxlbjhU.s:108    .text.SysTick_Handler:0000000000000000 $t
C:\Users\pierr\AppData\Local\Temp\ccxlbjhU.s:115    .text.SysTick_Handler:0000000000000000 SysTick_Handler

UNDEFINED SYMBOLS
HAL_IncTick
